<html>
<head>
<title>TestNG:  Default test</title>
<link href="../testng.css" rel="stylesheet" type="text/css" />
<link href="../my-testng.css" rel="stylesheet" type="text/css" />

<style type="text/css">
.log { display: none;} 
.stack-trace { display: none;} 
</style>
<script type="text/javascript">
<!--
function flip(e) {
  current = e.style.display;
  if (current == 'block') {
    e.style.display = 'none';
    return 0;
  }
  else {
    e.style.display = 'block';
    return 1;
  }
}

function toggleBox(szDivId, elem, msg1, msg2)
{
  var res = -1;  if (document.getElementById) {
    res = flip(document.getElementById(szDivId));
  }
  else if (document.all) {
    // this is the way old msie versions work
    res = flip(document.all[szDivId]);
  }
  if(elem) {
    if(res == 0) elem.innerHTML = msg1; else elem.innerHTML = msg2;
  }

}

function toggleAllBoxes() {
  if (document.getElementsByTagName) {
    d = document.getElementsByTagName('div');
    for (i = 0; i < d.length; i++) {
      if (d[i].className == 'log') {
        flip(d[i]);
      }
    }
  }
}

// -->
</script>

</head>
<body>
<h2 align='center'>Default test</h2><table border='1' align="center">
<tr>
<td>Tests passed/Failed/Skipped:</td><td>0/1/0</td>
</tr><tr>
<td>Started on:</td><td>Sun Jan 10 10:03:04 CST 2016</td>
</tr>
<tr><td>Total time:</td><td>1 seconds (1441 ms)</td>
</tr><tr>
<td>Included groups:</td><td></td>
</tr><tr>
<td>Excluded groups:</td><td></td>
</tr>
</table><p/>
<small><i>(Hover the method name to see the test class name)</i></small><p/>
<table width='100%' border='1' class='invocation-failed'>
<tr><td colspan='4' align='center'><b>FAILED TESTS</b></td></tr>
<tr><td><b>Test method</b></td>
<td width="30%"><b>Exception</b></td>
<td width="10%"><b>Time (seconds)</b></td>
<td><b>Instance</b></td>
</tr>
<tr>
<td title='org.jclouds.ecs.features.InstanceApiTest.testListAccounts()'><b>testListAccounts</b><br>Test class: org.jclouds.ecs.features.InstanceApiTest</td>
<td><div><pre>com.google.inject.ConfigurationException: Guice configuration errors:

1) No implementation for java.lang.String annotated with @org.jclouds.date.TimeStamp() was bound.
  while locating com.google.inject.Provider&lt;java.lang.String&gt; annotated with @org.jclouds.date.TimeStamp()
    for parameter 3 at org.jclouds.aws.filters.FormSigner$FormSignerV2.&lt;init&gt;(FormSigner.java:90)
  while locating org.jclouds.aws.filters.FormSigner

1 error
	at com.google.inject.internal.InjectorImpl.getProvider(InjectorImpl.java:1004)
	at com.google.inject.internal.InjectorImpl.getProvider(InjectorImpl.java:961)
	at com.google.inject.internal.InjectorImpl.getInstance(InjectorImpl.java:1013)
	at org.jclouds.rest.internal.RestAnnotationProcessor.getFiltersIfAnnotated(RestAnnotationProcessor.java:465)
	at org.jclouds.rest.internal.RestAnnotationProcessor.apply(RestAnnotationProcessor.java:210)
	at org.jclouds.rest.internal.RestAnnotationProcessor.createRequest(RestAnnotationProcessor.java:173)
	at org.jclouds.ecs.features.InstanceApiTest.testListAccounts(InstanceApiTest.java:44)
	at sun.reflect.NativeMethodAccessorImpl.invoke0(Native Method)
	at sun.reflect.NativeMethodAccessorImpl.invoke(NativeMethodAccessorImpl.java:57)
	at sun.reflect.DelegatingMethodAccessorImpl.invoke(DelegatingMethodAccessorImpl.java:43)
	at java.lang.reflect.Method.invoke(Method.java:601)
	at org.testng.internal.MethodInvocationHelper.invokeMethod(MethodInvocationHelper.java:84)
	at org.testng.internal.Invoker.invokeMethod(Invoker.java:714)
	at org.testng.internal.Invoker.invokeTestMethod(Invoker.java:901)
	at org.testng.internal.Invoker.invokeTestMethods(Invoker.java:1231)
	at org.testng.internal.TestMethodWorker.invokeTestMethods(TestMethodWorker.java:127)
	at org.testng.internal.TestMethodWorker.run(TestMethodWorker.java:111)
	at org.testng.TestRunner.privateRun(TestRunner.java:767)
	at org.testng.TestRunner.run(TestRunner.java:617)
	at org.testng.SuiteRunner.runTest(SuiteRunner.java:334)
	at org.testng.SuiteRunner.runSequentially(SuiteRunner.java:329)
	at org.testng.SuiteRunner.privateRun(SuiteRunner.java:291)
	at org.testng.SuiteRunner.run(SuiteRunner.java:240)
	at org.testng.SuiteRunnerWorker.runSuite(SuiteRunnerWorker.java:52)
	at org.testng.SuiteRunnerWorker.run(SuiteRunnerWorker.java:86)
	at org.testng.TestNG.runSuitesSequentially(TestNG.java:1224)
	at org.testng.TestNG.runSuitesLocally(TestNG.java:1149)
	at org.testng.TestNG.run(TestNG.java:1057)
	at org.testng.remote.RemoteTestNG.run(RemoteTestNG.java:111)
	at org.testng.remote.RemoteTestNG.initAndRun(RemoteTestNG.java:204)
	at org.testng.remote.RemoteTestNG.main(RemoteTestNG.java:175)
</pre></div><a href='#' onClick='toggleBox("stack-trace28115056", this, "Click to show all stack frames", "Click to hide stack frames")'>Click to show all stack frames</a>
<div class='stack-trace' id='stack-trace28115056'><pre>com.google.inject.ConfigurationException: Guice configuration errors:

1) No implementation for java.lang.String annotated with @org.jclouds.date.TimeStamp() was bound.
  while locating com.google.inject.Provider&lt;java.lang.String&gt; annotated with @org.jclouds.date.TimeStamp()
    for parameter 3 at org.jclouds.aws.filters.FormSigner$FormSignerV2.&lt;init&gt;(FormSigner.java:90)
  while locating org.jclouds.aws.filters.FormSigner

1 error
	at com.google.inject.internal.InjectorImpl.getProvider(InjectorImpl.java:1004)
	at com.google.inject.internal.InjectorImpl.getProvider(InjectorImpl.java:961)
	at com.google.inject.internal.InjectorImpl.getInstance(InjectorImpl.java:1013)
	at org.jclouds.rest.internal.RestAnnotationProcessor.getFiltersIfAnnotated(RestAnnotationProcessor.java:465)
	at org.jclouds.rest.internal.RestAnnotationProcessor.apply(RestAnnotationProcessor.java:210)
	at org.jclouds.rest.internal.RestAnnotationProcessor.createRequest(RestAnnotationProcessor.java:173)
	at org.jclouds.ecs.features.InstanceApiTest.testListAccounts(InstanceApiTest.java:44)
	at sun.reflect.NativeMethodAccessorImpl.invoke0(Native Method)
	at sun.reflect.NativeMethodAccessorImpl.invoke(NativeMethodAccessorImpl.java:57)
	at sun.reflect.DelegatingMethodAccessorImpl.invoke(DelegatingMethodAccessorImpl.java:43)
	at java.lang.reflect.Method.invoke(Method.java:601)
	at org.testng.internal.MethodInvocationHelper.invokeMethod(MethodInvocationHelper.java:84)
	at org.testng.internal.Invoker.invokeMethod(Invoker.java:714)
	at org.testng.internal.Invoker.invokeTestMethod(Invoker.java:901)
	at org.testng.internal.Invoker.invokeTestMethods(Invoker.java:1231)
	at org.testng.internal.TestMethodWorker.invokeTestMethods(TestMethodWorker.java:127)
	at org.testng.internal.TestMethodWorker.run(TestMethodWorker.java:111)
	at org.testng.TestRunner.privateRun(TestRunner.java:767)
	at org.testng.TestRunner.run(TestRunner.java:617)
	at org.testng.SuiteRunner.runTest(SuiteRunner.java:334)
	at org.testng.SuiteRunner.runSequentially(SuiteRunner.java:329)
	at org.testng.SuiteRunner.privateRun(SuiteRunner.java:291)
	at org.testng.SuiteRunner.run(SuiteRunner.java:240)
	at org.testng.SuiteRunnerWorker.runSuite(SuiteRunnerWorker.java:52)
	at org.testng.SuiteRunnerWorker.run(SuiteRunnerWorker.java:86)
	at org.testng.TestNG.runSuitesSequentially(TestNG.java:1224)
	at org.testng.TestNG.runSuitesLocally(TestNG.java:1149)
	at org.testng.TestNG.run(TestNG.java:1057)
	at org.testng.remote.RemoteTestNG.run(RemoteTestNG.java:111)
	at org.testng.remote.RemoteTestNG.initAndRun(RemoteTestNG.java:204)
	at org.testng.remote.RemoteTestNG.main(RemoteTestNG.java:175)
</pre></div></td>
<td>0</td>
<td>org.jclouds.ecs.features.InstanceApiTest@18e0782</td></tr>
</table><p>
</body>
</html>