<?xml version="1.0" encoding="UTF-8"?>
<!-- Generated by org.testng.reporters.JUnitReportReporter -->
<testsuite hostname="fdp" name="org.jclouds.ecs.EcsContextBuilderText" tests="1" failures="1" timestamp="9 Jan 2016 13:25:20 GMT" time="1.241" errors="0">
  <testcase name="testAssignability" time="1.241" classname="org.jclouds.ecs.EcsContextBuilderText">
    <failure type="com.google.inject.CreationException" message="Guice creation errors:

1) No implementation for org.jclouds.ecs.config.CredentialType was bound.
  at org.jclouds.ecs.config.EcsHttpApiModule.authenticationFilter(EcsHttpApiModule.java:70)

1 error">
      <![CDATA[com.google.inject.CreationException: Guice creation errors:

1) No implementation for org.jclouds.ecs.config.CredentialType was bound.
  at org.jclouds.ecs.config.EcsHttpApiModule.authenticationFilter(EcsHttpApiModule.java:70)

1 error
	at com.google.inject.internal.Errors.throwCreationExceptionIfErrorsExist(Errors.java:435)
	at com.google.inject.internal.InternalInjectorCreator.initializeStatically(InternalInjectorCreator.java:154)
	at com.google.inject.internal.InternalInjectorCreator.build(InternalInjectorCreator.java:106)
	at com.google.inject.Guice.createInjector(Guice.java:95)
	at org.jclouds.ContextBuilder.buildInjector(ContextBuilder.java:402)
	at org.jclouds.ContextBuilder.buildInjector(ContextBuilder.java:326)
	at org.jclouds.ContextBuilder.buildView(ContextBuilder.java:608)
	at org.jclouds.ecs.EcsContextBuilderText.testAssignability(EcsContextBuilderText.java:30)
	at sun.reflect.NativeMethodAccessorImpl.invoke0(Native Method)
	at sun.reflect.NativeMethodAccessorImpl.invoke(NativeMethodAccessorImpl.java:57)
	at sun.reflect.DelegatingMethodAccessorImpl.invoke(DelegatingMethodAccessorImpl.java:43)
	at java.lang.reflect.Method.invoke(Method.java:601)
	at org.testng.internal.MethodInvocationHelper.invokeMethod(MethodInvocationHelper.java:84)
	at org.testng.internal.Invoker.invokeMethod(Invoker.java:714)
	at org.testng.internal.Invoker.invokeTestMethod(Invoker.java:901)
	at org.testng.internal.Invoker.invokeTestMethods(Invoker.java:1231)
	at org.testng.internal.TestMethodWorker.invokeTestMethods(TestMethodWorker.java:127)
	at org.testng.internal.TestMethodWorker.run(TestMethodWorker.java:111)
	at org.testng.TestRunner.privateRun(TestRunner.java:767)
	at org.testng.TestRunner.run(TestRunner.java:617)
	at org.testng.SuiteRunner.runTest(SuiteRunner.java:334)
	at org.testng.SuiteRunner.runSequentially(SuiteRunner.java:329)
	at org.testng.SuiteRunner.privateRun(SuiteRunner.java:291)
	at org.testng.SuiteRunner.run(SuiteRunner.java:240)
	at org.testng.SuiteRunnerWorker.runSuite(SuiteRunnerWorker.java:52)
	at org.testng.SuiteRunnerWorker.run(SuiteRunnerWorker.java:86)
	at org.testng.TestNG.runSuitesSequentially(TestNG.java:1224)
	at org.testng.TestNG.runSuitesLocally(TestNG.java:1149)
	at org.testng.TestNG.run(TestNG.java:1057)
	at org.testng.remote.RemoteTestNG.run(RemoteTestNG.java:111)
	at org.testng.remote.RemoteTestNG.initAndRun(RemoteTestNG.java:204)
	at org.testng.remote.RemoteTestNG.main(RemoteTestNG.java:175)
]]>
    </failure>
  </testcase> <!-- testAssignability -->
</testsuite> <!-- org.jclouds.ecs.EcsContextBuilderText -->
