<?xml version="1.0" encoding="UTF-8"?>
<testng-results skipped="0" failed="4" total="4" passed="0">
  <reporter-output>
  </reporter-output>
  <suite name="Default suite" duration-ms="110" started-at="2016-01-11T16:58:23Z" finished-at="2016-01-11T16:58:23Z">
    <groups>
      <group name="unit">
        <method signature="BaseProviderMetadataTest.testAllContains()[pri:0, instance:org.jclouds.aliyun.ecs.AliyunEcsProviderTest@119e82c]" name="testAllContains" class="org.jclouds.providers.internal.BaseProviderMetadataTest"/>
        <method signature="BaseProviderMetadataTest.testOfApiContains()[pri:0, instance:org.jclouds.aliyun.ecs.AliyunEcsProviderTest@119e82c]" name="testOfApiContains" class="org.jclouds.providers.internal.BaseProviderMetadataTest"/>
        <method signature="BaseProviderMetadataTest.testTransformableToContains()[pri:0, instance:org.jclouds.aliyun.ecs.AliyunEcsProviderTest@119e82c]" name="testTransformableToContains" class="org.jclouds.providers.internal.BaseProviderMetadataTest"/>
        <method signature="BaseProviderMetadataTest.testWithId()[pri:0, instance:org.jclouds.aliyun.ecs.AliyunEcsProviderTest@119e82c]" name="testWithId" class="org.jclouds.providers.internal.BaseProviderMetadataTest"/>
      </group> <!-- unit -->
    </groups>
    <test name="Default test" duration-ms="110" started-at="2016-01-11T16:58:23Z" finished-at="2016-01-11T16:58:23Z">
      <class name="org.jclouds.aliyun.ecs.AliyunEcsProviderTest">
        <test-method status="FAIL" signature="testAllContains()[pri:0, instance:org.jclouds.aliyun.ecs.AliyunEcsProviderTest@119e82c]" name="testAllContains" duration-ms="47" started-at="2016-01-12T00:58:23Z" finished-at="2016-01-12T00:58:23Z">
          <exception class="java.lang.AssertionError">
            <message>
              <![CDATA[{id=aliyun-ecs, name=Aliyun Elastic Compute Service (ECS), api={id=aliyun-ecs, name=Aliyun Ecs API, views=[org.jclouds.aliyun.ecs.compute.AliyunEcsComputeServiceContext], endpointName=https endpoint, identityName=AccessKeyId, credentialName=Optional.of(Secret Key), documentation=http://download.cloud.com/releases/2.2.0/api_2.2.12/TOC_User.html, api=interface org.jclouds.aliyun.ecs.AliyunEcsApi}, endpoint=https://ecs.aliyuncs.com/, console=Optional.of(https://ecs.console.aliyun.com/#/), homepage=Optional.of(http://www.aliyun.com), linkedServices=[aliyun-ecs], iso3166Codes=[]} not found in []]]>
            </message>
            <full-stacktrace>
              <![CDATA[java.lang.AssertionError: {id=aliyun-ecs, name=Aliyun Elastic Compute Service (ECS), api={id=aliyun-ecs, name=Aliyun Ecs API, views=[org.jclouds.aliyun.ecs.compute.AliyunEcsComputeServiceContext], endpointName=https endpoint, identityName=AccessKeyId, credentialName=Optional.of(Secret Key), documentation=http://download.cloud.com/releases/2.2.0/api_2.2.12/TOC_User.html, api=interface org.jclouds.aliyun.ecs.AliyunEcsApi}, endpoint=https://ecs.aliyuncs.com/, console=Optional.of(https://ecs.console.aliyun.com/#/), homepage=Optional.of(http://www.aliyun.com), linkedServices=[aliyun-ecs], iso3166Codes=[]} not found in []
	at org.jclouds.providers.internal.BaseProviderMetadataTest.testAllContains(BaseProviderMetadataTest.java:76)
	at sun.reflect.NativeMethodAccessorImpl.invoke0(Native Method)
	at sun.reflect.NativeMethodAccessorImpl.invoke(NativeMethodAccessorImpl.java:57)
	at sun.reflect.DelegatingMethodAccessorImpl.invoke(DelegatingMethodAccessorImpl.java:43)
	at java.lang.reflect.Method.invoke(Method.java:601)
	at org.testng.internal.MethodInvocationHelper.invokeMethod(MethodInvocationHelper.java:84)
	at org.testng.internal.Invoker.invokeMethod(Invoker.java:714)
	at org.testng.internal.Invoker.invokeTestMethod(Invoker.java:901)
	at org.testng.internal.Invoker.invokeTestMethods(Invoker.java:1231)
	at org.testng.internal.TestMethodWorker.invokeTestMethods(TestMethodWorker.java:127)
	at org.testng.internal.TestMethodWorker.run(TestMethodWorker.java:111)
	at org.testng.TestRunner.privateRun(TestRunner.java:767)
	at org.testng.TestRunner.run(TestRunner.java:617)
	at org.testng.SuiteRunner.runTest(SuiteRunner.java:334)
	at org.testng.SuiteRunner.runSequentially(SuiteRunner.java:329)
	at org.testng.SuiteRunner.privateRun(SuiteRunner.java:291)
	at org.testng.SuiteRunner.run(SuiteRunner.java:240)
	at org.testng.SuiteRunnerWorker.runSuite(SuiteRunnerWorker.java:52)
	at org.testng.SuiteRunnerWorker.run(SuiteRunnerWorker.java:86)
	at org.testng.TestNG.runSuitesSequentially(TestNG.java:1224)
	at org.testng.TestNG.runSuitesLocally(TestNG.java:1149)
	at org.testng.TestNG.run(TestNG.java:1057)
	at org.testng.remote.RemoteTestNG.run(RemoteTestNG.java:111)
	at org.testng.remote.RemoteTestNG.initAndRun(RemoteTestNG.java:204)
	at org.testng.remote.RemoteTestNG.main(RemoteTestNG.java:175)
]]>
            </full-stacktrace>
          </exception> <!-- java.lang.AssertionError -->
          <reporter-output>
          </reporter-output>
        </test-method> <!-- testAllContains -->
        <test-method status="FAIL" signature="testOfApiContains()[pri:0, instance:org.jclouds.aliyun.ecs.AliyunEcsProviderTest@119e82c]" name="testOfApiContains" duration-ms="16" started-at="2016-01-12T00:58:23Z" finished-at="2016-01-12T00:58:23Z">
          <exception class="java.lang.AssertionError">
            <message>
              <![CDATA[{id=aliyun-ecs, name=Aliyun Elastic Compute Service (ECS), api={id=aliyun-ecs, name=Aliyun Ecs API, views=[org.jclouds.aliyun.ecs.compute.AliyunEcsComputeServiceContext], endpointName=https endpoint, identityName=AccessKeyId, credentialName=Optional.of(Secret Key), documentation=http://download.cloud.com/releases/2.2.0/api_2.2.12/TOC_User.html, api=interface org.jclouds.aliyun.ecs.AliyunEcsApi}, endpoint=https://ecs.aliyuncs.com/, console=Optional.of(https://ecs.console.aliyun.com/#/), homepage=Optional.of(http://www.aliyun.com), linkedServices=[aliyun-ecs], iso3166Codes=[]} not found in []]]>
            </message>
            <full-stacktrace>
              <![CDATA[java.lang.AssertionError: {id=aliyun-ecs, name=Aliyun Elastic Compute Service (ECS), api={id=aliyun-ecs, name=Aliyun Ecs API, views=[org.jclouds.aliyun.ecs.compute.AliyunEcsComputeServiceContext], endpointName=https endpoint, identityName=AccessKeyId, credentialName=Optional.of(Secret Key), documentation=http://download.cloud.com/releases/2.2.0/api_2.2.12/TOC_User.html, api=interface org.jclouds.aliyun.ecs.AliyunEcsApi}, endpoint=https://ecs.aliyuncs.com/, console=Optional.of(https://ecs.console.aliyun.com/#/), homepage=Optional.of(http://www.aliyun.com), linkedServices=[aliyun-ecs], iso3166Codes=[]} not found in []
	at org.jclouds.providers.internal.BaseProviderMetadataTest.testOfApiContains(BaseProviderMetadataTest.java:61)
	at sun.reflect.NativeMethodAccessorImpl.invoke0(Native Method)
	at sun.reflect.NativeMethodAccessorImpl.invoke(NativeMethodAccessorImpl.java:57)
	at sun.reflect.DelegatingMethodAccessorImpl.invoke(DelegatingMethodAccessorImpl.java:43)
	at java.lang.reflect.Method.invoke(Method.java:601)
	at org.testng.internal.MethodInvocationHelper.invokeMethod(MethodInvocationHelper.java:84)
	at org.testng.internal.Invoker.invokeMethod(Invoker.java:714)
	at org.testng.internal.Invoker.invokeTestMethod(Invoker.java:901)
	at org.testng.internal.Invoker.invokeTestMethods(Invoker.java:1231)
	at org.testng.internal.TestMethodWorker.invokeTestMethods(TestMethodWorker.java:127)
	at org.testng.internal.TestMethodWorker.run(TestMethodWorker.java:111)
	at org.testng.TestRunner.privateRun(TestRunner.java:767)
	at org.testng.TestRunner.run(TestRunner.java:617)
	at org.testng.SuiteRunner.runTest(SuiteRunner.java:334)
	at org.testng.SuiteRunner.runSequentially(SuiteRunner.java:329)
	at org.testng.SuiteRunner.privateRun(SuiteRunner.java:291)
	at org.testng.SuiteRunner.run(SuiteRunner.java:240)
	at org.testng.SuiteRunnerWorker.runSuite(SuiteRunnerWorker.java:52)
	at org.testng.SuiteRunnerWorker.run(SuiteRunnerWorker.java:86)
	at org.testng.TestNG.runSuitesSequentially(TestNG.java:1224)
	at org.testng.TestNG.runSuitesLocally(TestNG.java:1149)
	at org.testng.TestNG.run(TestNG.java:1057)
	at org.testng.remote.RemoteTestNG.run(RemoteTestNG.java:111)
	at org.testng.remote.RemoteTestNG.initAndRun(RemoteTestNG.java:204)
	at org.testng.remote.RemoteTestNG.main(RemoteTestNG.java:175)
]]>
            </full-stacktrace>
          </exception> <!-- java.lang.AssertionError -->
          <reporter-output>
          </reporter-output>
        </test-method> <!-- testOfApiContains -->
        <test-method status="FAIL" signature="testTransformableToContains()[pri:0, instance:org.jclouds.aliyun.ecs.AliyunEcsProviderTest@119e82c]" name="testTransformableToContains" duration-ms="0" started-at="2016-01-12T00:58:23Z" finished-at="2016-01-12T00:58:23Z">
          <exception class="java.lang.AssertionError">
            <message>
              <![CDATA[{id=aliyun-ecs, name=Aliyun Elastic Compute Service (ECS), api={id=aliyun-ecs, name=Aliyun Ecs API, views=[org.jclouds.aliyun.ecs.compute.AliyunEcsComputeServiceContext], endpointName=https endpoint, identityName=AccessKeyId, credentialName=Optional.of(Secret Key), documentation=http://download.cloud.com/releases/2.2.0/api_2.2.12/TOC_User.html, api=interface org.jclouds.aliyun.ecs.AliyunEcsApi}, endpoint=https://ecs.aliyuncs.com/, console=Optional.of(https://ecs.console.aliyun.com/#/), homepage=Optional.of(http://www.aliyun.com), linkedServices=[aliyun-ecs], iso3166Codes=[]} not found in [] for org.jclouds.aliyun.ecs.compute.AliyunEcsComputeServiceContext]]>
            </message>
            <full-stacktrace>
              <![CDATA[java.lang.AssertionError: {id=aliyun-ecs, name=Aliyun Elastic Compute Service (ECS), api={id=aliyun-ecs, name=Aliyun Ecs API, views=[org.jclouds.aliyun.ecs.compute.AliyunEcsComputeServiceContext], endpointName=https endpoint, identityName=AccessKeyId, credentialName=Optional.of(Secret Key), documentation=http://download.cloud.com/releases/2.2.0/api_2.2.12/TOC_User.html, api=interface org.jclouds.aliyun.ecs.AliyunEcsApi}, endpoint=https://ecs.aliyuncs.com/, console=Optional.of(https://ecs.console.aliyun.com/#/), homepage=Optional.of(http://www.aliyun.com), linkedServices=[aliyun-ecs], iso3166Codes=[]} not found in [] for org.jclouds.aliyun.ecs.compute.AliyunEcsComputeServiceContext
	at org.jclouds.providers.internal.BaseProviderMetadataTest.testTransformableToContains(BaseProviderMetadataTest.java:68)
	at sun.reflect.NativeMethodAccessorImpl.invoke0(Native Method)
	at sun.reflect.NativeMethodAccessorImpl.invoke(NativeMethodAccessorImpl.java:57)
	at sun.reflect.DelegatingMethodAccessorImpl.invoke(DelegatingMethodAccessorImpl.java:43)
	at java.lang.reflect.Method.invoke(Method.java:601)
	at org.testng.internal.MethodInvocationHelper.invokeMethod(MethodInvocationHelper.java:84)
	at org.testng.internal.Invoker.invokeMethod(Invoker.java:714)
	at org.testng.internal.Invoker.invokeTestMethod(Invoker.java:901)
	at org.testng.internal.Invoker.invokeTestMethods(Invoker.java:1231)
	at org.testng.internal.TestMethodWorker.invokeTestMethods(TestMethodWorker.java:127)
	at org.testng.internal.TestMethodWorker.run(TestMethodWorker.java:111)
	at org.testng.TestRunner.privateRun(TestRunner.java:767)
	at org.testng.TestRunner.run(TestRunner.java:617)
	at org.testng.SuiteRunner.runTest(SuiteRunner.java:334)
	at org.testng.SuiteRunner.runSequentially(SuiteRunner.java:329)
	at org.testng.SuiteRunner.privateRun(SuiteRunner.java:291)
	at org.testng.SuiteRunner.run(SuiteRunner.java:240)
	at org.testng.SuiteRunnerWorker.runSuite(SuiteRunnerWorker.java:52)
	at org.testng.SuiteRunnerWorker.run(SuiteRunnerWorker.java:86)
	at org.testng.TestNG.runSuitesSequentially(TestNG.java:1224)
	at org.testng.TestNG.runSuitesLocally(TestNG.java:1149)
	at org.testng.TestNG.run(TestNG.java:1057)
	at org.testng.remote.RemoteTestNG.run(RemoteTestNG.java:111)
	at org.testng.remote.RemoteTestNG.initAndRun(RemoteTestNG.java:204)
	at org.testng.remote.RemoteTestNG.main(RemoteTestNG.java:175)
]]>
            </full-stacktrace>
          </exception> <!-- java.lang.AssertionError -->
          <reporter-output>
          </reporter-output>
        </test-method> <!-- testTransformableToContains -->
        <test-method status="FAIL" signature="testWithId()[pri:0, instance:org.jclouds.aliyun.ecs.AliyunEcsProviderTest@119e82c]" name="testWithId" duration-ms="16" started-at="2016-01-12T00:58:23Z" finished-at="2016-01-12T00:58:23Z">
          <exception class="java.util.NoSuchElementException">
            <full-stacktrace>
              <![CDATA[java.util.NoSuchElementException
	at com.google.common.collect.AbstractIterator.next(AbstractIterator.java:154)
	at com.google.common.collect.Iterators.find(Iterators.java:712)
	at com.google.common.collect.Iterables.find(Iterables.java:642)
	at org.jclouds.providers.Providers.withId(Providers.java:99)
	at org.jclouds.providers.internal.BaseProviderMetadataTest.testWithId(BaseProviderMetadataTest.java:50)
	at sun.reflect.NativeMethodAccessorImpl.invoke0(Native Method)
	at sun.reflect.NativeMethodAccessorImpl.invoke(NativeMethodAccessorImpl.java:57)
	at sun.reflect.DelegatingMethodAccessorImpl.invoke(DelegatingMethodAccessorImpl.java:43)
	at java.lang.reflect.Method.invoke(Method.java:601)
	at org.testng.internal.MethodInvocationHelper.invokeMethod(MethodInvocationHelper.java:84)
	at org.testng.internal.Invoker.invokeMethod(Invoker.java:714)
	at org.testng.internal.Invoker.invokeTestMethod(Invoker.java:901)
	at org.testng.internal.Invoker.invokeTestMethods(Invoker.java:1231)
	at org.testng.internal.TestMethodWorker.invokeTestMethods(TestMethodWorker.java:127)
	at org.testng.internal.TestMethodWorker.run(TestMethodWorker.java:111)
	at org.testng.TestRunner.privateRun(TestRunner.java:767)
	at org.testng.TestRunner.run(TestRunner.java:617)
	at org.testng.SuiteRunner.runTest(SuiteRunner.java:334)
	at org.testng.SuiteRunner.runSequentially(SuiteRunner.java:329)
	at org.testng.SuiteRunner.privateRun(SuiteRunner.java:291)
	at org.testng.SuiteRunner.run(SuiteRunner.java:240)
	at org.testng.SuiteRunnerWorker.runSuite(SuiteRunnerWorker.java:52)
	at org.testng.SuiteRunnerWorker.run(SuiteRunnerWorker.java:86)
	at org.testng.TestNG.runSuitesSequentially(TestNG.java:1224)
	at org.testng.TestNG.runSuitesLocally(TestNG.java:1149)
	at org.testng.TestNG.run(TestNG.java:1057)
	at org.testng.remote.RemoteTestNG.run(RemoteTestNG.java:111)
	at org.testng.remote.RemoteTestNG.initAndRun(RemoteTestNG.java:204)
	at org.testng.remote.RemoteTestNG.main(RemoteTestNG.java:175)
]]>
            </full-stacktrace>
          </exception> <!-- java.util.NoSuchElementException -->
          <reporter-output>
          </reporter-output>
        </test-method> <!-- testWithId -->
      </class> <!-- org.jclouds.aliyun.ecs.AliyunEcsProviderTest -->
    </test> <!-- Default test -->
  </suite> <!-- Default suite -->
</testng-results>
